<?xml version="1.0" encoding="UTF-8"?>
<testsuite name="LibraryTest" tests="1" skipped="0" failures="0" errors="0" timestamp="2021-08-17T02:43:15" hostname="Nghias-Mac-mini.local" time="0.006">
  <properties/>
  <testcase name="testIsInSelections()" classname="LibraryTest" time="0.006"/>
  <system-out><![CDATA[]]></system-out>
  <system-err><![CDATA[]]></system-err>
</testsuite>
